<?xml version="1.0" encoding="UTF-8"?>
<!-- Generated by org.testng.reporters.JUnitReportReporter -->
<testsuite hostname="DESKTOP-3I3MJBS" failures="0" tests="1" name="com.salesforce.test.SalesforceDreamHouse.InvalidDateTest" time="18.836" errors="0" timestamp="14 Feb 2019 09:11:02 GMT" skipped="0">
  <testcase classname="com.salesforce.test.SalesforceDreamHouse.InvalidDateTest" name="invalidDateTest" time="18.836"/>
</testsuite> <!-- com.salesforce.test.SalesforceDreamHouse.InvalidDateTest -->
