<?xml version="1.0" encoding="UTF-8"?>
<!-- Generated by org.testng.reporters.JUnitReportReporter -->
<testsuite hostname="DESKTOP-3I3MJBS" failures="0" tests="2" name="com.salesforce.test.SalesforceDreamHouse.Annotations" time="0.185" errors="0" timestamp="14 Feb 2019 09:11:02 GMT" skipped="0">
  <testcase classname="com.salesforce.test.SalesforceDreamHouse.Annotations" name="test2" time="0.008"/>
  <testcase classname="com.salesforce.test.SalesforceDreamHouse.Annotations" name="test1" time="0.177"/>
</testsuite> <!-- com.salesforce.test.SalesforceDreamHouse.Annotations -->
